[DEBUG] [2016-06-29 15:54:59] [MyKafkaConsumer:getInstance:84] CONSUMER:Got instance and return to caller
[DEBUG] [2016-06-29 15:54:59] [MyKafkaConsumer:getInstance:84] CONSUMER:Got instance and return to caller
[DEBUG] [2016-06-29 15:54:59] [MyKafkaConsumer:run:95] CONSUMER:thread started!
[DEBUG] [2016-06-29 15:56:58] [MyKafkaConsumer:getInstance:84] CONSUMER:Got instance and return to caller
[DEBUG] [2016-06-29 15:56:58] [MyKafkaConsumer:getInstance:84] CONSUMER:Got instance and return to caller
[DEBUG] [2016-06-29 15:56:58] [MyKafkaConsumer:run:95] CONSUMER:thread started!
[DEBUG] [2016-06-29 15:57:50] [MyKafkaConsumer:ExitHandle:145] consumer:Try to stop consumer, wait 2s...
[DEBUG] [2016-06-29 20:57:35] [MyKafkaConsumer:getInstance:84] CONSUMER:Got instance and return to caller
[DEBUG] [2016-06-29 20:57:35] [MyKafkaConsumer:getInstance:84] CONSUMER:Got instance and return to caller
[DEBUG] [2016-06-29 20:57:35] [MyKafkaConsumer:run:96] CONSUMER:thread started!
[INFO ] [2016-06-29 20:57:43] [MyKafkaConsumer:run:118] Consumer: sleep 5s...
[INFO ] [2016-06-29 20:57:49] [MyKafkaConsumer:run:114] Consumer: got msg, offset=[4],key=[null],val=[MessageTo_Broker_消息MSG_5]

[INFO ] [2016-06-29 20:57:49] [MyKafkaConsumer:run:114] Consumer: got msg, offset=[5],key=[null],val=[MessageTo_Broker_消息MSG_6]

[INFO ] [2016-06-29 20:57:49] [MyKafkaConsumer:run:114] Consumer: got msg, offset=[6],key=[null],val=[MessageTo_Broker_消息MSG_7]

[INFO ] [2016-06-29 20:57:49] [MyKafkaConsumer:run:118] Consumer: sleep 5s...
[INFO ] [2016-06-29 20:57:54] [MyKafkaConsumer:run:114] Consumer: got msg, offset=[7],key=[null],val=[MessageTo_Broker_消息MSG_8]

[INFO ] [2016-06-29 20:57:54] [MyKafkaConsumer:run:114] Consumer: got msg, offset=[8],key=[null],val=[MessageTo_Broker_消息MSG_9]

[INFO ] [2016-06-29 20:57:54] [MyKafkaConsumer:run:118] Consumer: sleep 5s...
[INFO ] [2016-06-29 20:57:59] [MyKafkaConsumer:run:114] Consumer: got msg, offset=[9],key=[null],val=[MessageTo_Broker_消息MSG_10]

[INFO ] [2016-06-29 20:57:59] [MyKafkaConsumer:run:114] Consumer: got msg, offset=[10],key=[null],val=[MessageTo_Broker_消息MSG_11]

[INFO ] [2016-06-29 20:57:59] [MyKafkaConsumer:run:114] Consumer: got msg, offset=[11],key=[null],val=[MessageTo_Broker_消息MSG_12]

[INFO ] [2016-06-29 20:57:59] [MyKafkaConsumer:run:118] Consumer: sleep 5s...
[INFO ] [2016-06-29 20:58:04] [MyKafkaConsumer:run:114] Consumer: got msg, offset=[12],key=[null],val=[MessageTo_Broker_消息MSG_13]

[INFO ] [2016-06-29 20:58:04] [MyKafkaConsumer:run:114] Consumer: got msg, offset=[13],key=[null],val=[MessageTo_Broker_消息MSG_14]

[INFO ] [2016-06-29 20:58:04] [MyKafkaConsumer:run:118] Consumer: sleep 5s...
[INFO ] [2016-06-29 20:58:09] [MyKafkaConsumer:run:114] Consumer: got msg, offset=[14],key=[null],val=[MessageTo_Broker_消息MSG_15]

[INFO ] [2016-06-29 20:58:09] [MyKafkaConsumer:run:114] Consumer: got msg, offset=[15],key=[null],val=[MessageTo_Broker_消息MSG_16]

[INFO ] [2016-06-29 20:58:09] [MyKafkaConsumer:run:114] Consumer: got msg, offset=[16],key=[null],val=[MessageTo_Broker_消息MSG_17]

[INFO ] [2016-06-29 20:58:09] [MyKafkaConsumer:run:118] Consumer: sleep 5s...
[INFO ] [2016-06-29 20:58:14] [MyKafkaConsumer:run:114] Consumer: got msg, offset=[17],key=[null],val=[MessageTo_Broker_消息MSG_18]

[INFO ] [2016-06-29 20:58:14] [MyKafkaConsumer:run:114] Consumer: got msg, offset=[18],key=[null],val=[MessageTo_Broker_消息MSG_19]

[INFO ] [2016-06-29 20:58:14] [MyKafkaConsumer:run:118] Consumer: sleep 5s...
[INFO ] [2016-06-29 20:58:19] [MyKafkaConsumer:run:114] Consumer: got msg, offset=[19],key=[null],val=[MessageTo_Broker_消息MSG_20]

[INFO ] [2016-06-29 20:58:19] [MyKafkaConsumer:run:114] Consumer: got msg, offset=[20],key=[null],val=[MessageTo_Broker_消息MSG_21]

[INFO ] [2016-06-29 20:58:19] [MyKafkaConsumer:run:114] Consumer: got msg, offset=[21],key=[null],val=[MessageTo_Broker_消息MSG_22]

[INFO ] [2016-06-29 20:58:19] [MyKafkaConsumer:run:118] Consumer: sleep 5s...
[INFO ] [2016-06-29 20:58:24] [MyKafkaConsumer:run:114] Consumer: got msg, offset=[22],key=[null],val=[MessageTo_Broker_消息MSG_23]

[INFO ] [2016-06-29 20:58:24] [MyKafkaConsumer:run:114] Consumer: got msg, offset=[23],key=[null],val=[MessageTo_Broker_消息MSG_24]

[INFO ] [2016-06-29 20:58:24] [MyKafkaConsumer:run:118] Consumer: sleep 5s...
[INFO ] [2016-06-29 20:58:29] [MyKafkaConsumer:run:114] Consumer: got msg, offset=[24],key=[null],val=[MessageTo_Broker_消息MSG_25]

[INFO ] [2016-06-29 20:58:29] [MyKafkaConsumer:run:114] Consumer: got msg, offset=[25],key=[null],val=[MessageTo_Broker_消息MSG_26]

[INFO ] [2016-06-29 20:58:29] [MyKafkaConsumer:run:114] Consumer: got msg, offset=[26],key=[null],val=[MessageTo_Broker_消息MSG_27]

[INFO ] [2016-06-29 20:58:29] [MyKafkaConsumer:run:118] Consumer: sleep 5s...
[INFO ] [2016-06-29 20:58:34] [MyKafkaConsumer:run:114] Consumer: got msg, offset=[27],key=[null],val=[MessageTo_Broker_消息MSG_28]

[INFO ] [2016-06-29 20:58:34] [MyKafkaConsumer:run:114] Consumer: got msg, offset=[28],key=[null],val=[MessageTo_Broker_消息MSG_29]

[INFO ] [2016-06-29 20:58:34] [MyKafkaConsumer:run:118] Consumer: sleep 5s...
[INFO ] [2016-06-29 20:58:39] [MyKafkaConsumer:run:114] Consumer: got msg, offset=[29],key=[null],val=[MessageTo_Broker_消息MSG_30]

[INFO ] [2016-06-29 20:58:39] [MyKafkaConsumer:run:114] Consumer: got msg, offset=[30],key=[null],val=[MessageTo_Broker_消息MSG_31]

[INFO ] [2016-06-29 20:58:39] [MyKafkaConsumer:run:114] Consumer: got msg, offset=[31],key=[null],val=[MessageTo_Broker_消息MSG_32]

[INFO ] [2016-06-29 20:58:39] [MyKafkaConsumer:run:118] Consumer: sleep 5s...
[INFO ] [2016-06-29 20:58:44] [MyKafkaConsumer:run:114] Consumer: got msg, offset=[32],key=[null],val=[MessageTo_Broker_消息MSG_33]

[INFO ] [2016-06-29 20:58:44] [MyKafkaConsumer:run:114] Consumer: got msg, offset=[33],key=[null],val=[MessageTo_Broker_消息MSG_34]

[INFO ] [2016-06-29 20:58:44] [MyKafkaConsumer:run:118] Consumer: sleep 5s...
[INFO ] [2016-06-29 20:58:49] [MyKafkaConsumer:run:114] Consumer: got msg, offset=[34],key=[null],val=[MessageTo_Broker_消息MSG_35]

[INFO ] [2016-06-29 20:58:49] [MyKafkaConsumer:run:114] Consumer: got msg, offset=[35],key=[null],val=[MessageTo_Broker_消息MSG_36]

[INFO ] [2016-06-29 20:58:49] [MyKafkaConsumer:run:114] Consumer: got msg, offset=[36],key=[null],val=[MessageTo_Broker_消息MSG_37]

[INFO ] [2016-06-29 20:58:49] [MyKafkaConsumer:run:118] Consumer: sleep 5s...
[INFO ] [2016-06-29 20:58:54] [MyKafkaConsumer:run:114] Consumer: got msg, offset=[37],key=[null],val=[MessageTo_Broker_消息MSG_38]

[INFO ] [2016-06-29 20:58:54] [MyKafkaConsumer:run:118] Consumer: sleep 5s...
[DEBUG] [2016-06-29 20:58:54] [MyKafkaConsumer:ExitHandle:154] consumer:Try to stop consumer, wait 2s...
[DEBUG] [2016-06-29 21:02:28] [MyKafkaConsumer:getInstance:84] CONSUMER:Got instance and return to caller
[DEBUG] [2016-06-29 21:02:28] [MyKafkaConsumer:getInstance:84] CONSUMER:Got instance and return to caller
[DEBUG] [2016-06-29 21:02:28] [MyKafkaConsumer:run:96] CONSUMER:thread started!
[INFO ] [2016-06-29 21:02:28] [MyKafkaConsumer:run:118] Consumer: sleep 5s...
[INFO ] [2016-06-29 21:02:34] [MyKafkaConsumer:run:114] Consumer: got msg, offset=[37],key=[null],val=[MessageTo_Broker_消息MSG_38]

[INFO ] [2016-06-29 21:02:34] [MyKafkaConsumer:run:114] Consumer: got msg, offset=[38],key=[null],val=[MessageTo_Broker_消息MSG_1]

[INFO ] [2016-06-29 21:02:34] [MyKafkaConsumer:run:114] Consumer: got msg, offset=[39],key=[null],val=[MessageTo_Broker_消息MSG_2]

[INFO ] [2016-06-29 21:02:34] [MyKafkaConsumer:run:114] Consumer: got msg, offset=[40],key=[null],val=[MessageTo_Broker_消息MSG_3]

[INFO ] [2016-06-29 21:02:34] [MyKafkaConsumer:run:118] Consumer: sleep 5s...
[INFO ] [2016-06-29 21:02:39] [MyKafkaConsumer:run:114] Consumer: got msg, offset=[41],key=[null],val=[MessageTo_Broker_消息MSG_4]

[INFO ] [2016-06-29 21:02:39] [MyKafkaConsumer:run:114] Consumer: got msg, offset=[42],key=[null],val=[MessageTo_Broker_消息MSG_5]

[INFO ] [2016-06-29 21:02:39] [MyKafkaConsumer:run:114] Consumer: got msg, offset=[43],key=[null],val=[MessageTo_Broker_消息MSG_6]

[INFO ] [2016-06-29 21:02:39] [MyKafkaConsumer:run:118] Consumer: sleep 5s...
[INFO ] [2016-06-29 21:02:44] [MyKafkaConsumer:run:114] Consumer: got msg, offset=[44],key=[null],val=[MessageTo_Broker_消息MSG_7]

[INFO ] [2016-06-29 21:02:44] [MyKafkaConsumer:run:114] Consumer: got msg, offset=[45],key=[null],val=[MessageTo_Broker_消息MSG_8]

[INFO ] [2016-06-29 21:02:44] [MyKafkaConsumer:run:118] Consumer: sleep 5s...
[INFO ] [2016-06-29 21:02:49] [MyKafkaConsumer:run:114] Consumer: got msg, offset=[46],key=[null],val=[MessageTo_Broker_消息MSG_9]

[INFO ] [2016-06-29 21:02:49] [MyKafkaConsumer:run:114] Consumer: got msg, offset=[47],key=[null],val=[MessageTo_Broker_消息MSG_10]

[INFO ] [2016-06-29 21:02:49] [MyKafkaConsumer:run:114] Consumer: got msg, offset=[48],key=[null],val=[MessageTo_Broker_消息MSG_11]

[INFO ] [2016-06-29 21:02:49] [MyKafkaConsumer:run:118] Consumer: sleep 5s...
[INFO ] [2016-06-29 21:02:54] [MyKafkaConsumer:run:114] Consumer: got msg, offset=[49],key=[null],val=[MessageTo_Broker_消息MSG_12]

[INFO ] [2016-06-29 21:02:54] [MyKafkaConsumer:run:114] Consumer: got msg, offset=[50],key=[null],val=[MessageTo_Broker_消息MSG_13]

[INFO ] [2016-06-29 21:02:54] [MyKafkaConsumer:run:118] Consumer: sleep 5s...
[INFO ] [2016-06-29 21:02:59] [MyKafkaConsumer:run:114] Consumer: got msg, offset=[51],key=[null],val=[MessageTo_Broker_消息MSG_14]

[INFO ] [2016-06-29 21:02:59] [MyKafkaConsumer:run:114] Consumer: got msg, offset=[52],key=[null],val=[MessageTo_Broker_消息MSG_15]

[INFO ] [2016-06-29 21:02:59] [MyKafkaConsumer:run:114] Consumer: got msg, offset=[53],key=[null],val=[MessageTo_Broker_消息MSG_16]

[INFO ] [2016-06-29 21:02:59] [MyKafkaConsumer:run:118] Consumer: sleep 5s...
[INFO ] [2016-06-29 21:03:04] [MyKafkaConsumer:run:114] Consumer: got msg, offset=[54],key=[null],val=[MessageTo_Broker_消息MSG_17]

[INFO ] [2016-06-29 21:03:04] [MyKafkaConsumer:run:114] Consumer: got msg, offset=[55],key=[null],val=[MessageTo_Broker_消息MSG_18]

[INFO ] [2016-06-29 21:03:04] [MyKafkaConsumer:run:118] Consumer: sleep 5s...
[INFO ] [2016-06-29 21:03:09] [MyKafkaConsumer:run:114] Consumer: got msg, offset=[56],key=[null],val=[MessageTo_Broker_消息MSG_19]

[INFO ] [2016-06-29 21:03:09] [MyKafkaConsumer:run:114] Consumer: got msg, offset=[57],key=[null],val=[MessageTo_Broker_消息MSG_20]

[INFO ] [2016-06-29 21:03:09] [MyKafkaConsumer:run:114] Consumer: got msg, offset=[58],key=[null],val=[MessageTo_Broker_消息MSG_21]

[INFO ] [2016-06-29 21:03:09] [MyKafkaConsumer:run:118] Consumer: sleep 5s...
[INFO ] [2016-06-29 21:03:14] [MyKafkaConsumer:run:114] Consumer: got msg, offset=[59],key=[null],val=[MessageTo_Broker_消息MSG_22]

[INFO ] [2016-06-29 21:03:14] [MyKafkaConsumer:run:118] Consumer: sleep 5s...
[DEBUG] [2016-06-29 21:03:14] [MyKafkaConsumer:ExitHandle:154] consumer:Try to stop consumer, wait 2s...
[DEBUG] [2016-06-29 21:05:02] [MyKafkaConsumer:getInstance:84] CONSUMER:Got instance and return to caller
[DEBUG] [2016-06-29 21:05:02] [MyKafkaConsumer:getInstance:84] CONSUMER:Got instance and return to caller
[DEBUG] [2016-06-29 21:05:02] [MyKafkaConsumer:run:96] CONSUMER:thread started!
[INFO ] [2016-06-29 21:05:12] [MyKafkaConsumer:run:118] Consumer: sleep 5s...
[INFO ] [2016-06-29 21:05:17] [MyKafkaConsumer:run:114] Consumer: got msg, offset=[59],key=[null],val=[MessageTo_Broker_消息MSG_22]

[INFO ] [2016-06-29 21:05:17] [MyKafkaConsumer:run:114] Consumer: got msg, offset=[60],key=[null],val=[MessageTo_Broker_消息MSG_1]

[INFO ] [2016-06-29 21:05:17] [MyKafkaConsumer:run:114] Consumer: got msg, offset=[61],key=[null],val=[MessageTo_Broker_消息MSG_2]

[INFO ] [2016-06-29 21:05:17] [MyKafkaConsumer:run:114] Consumer: got msg, offset=[62],key=[null],val=[MessageTo_Broker_消息MSG_3]

[INFO ] [2016-06-29 21:05:17] [MyKafkaConsumer:run:114] Consumer: got msg, offset=[63],key=[null],val=[MessageTo_Broker_消息MSG_4]

[INFO ] [2016-06-29 21:05:17] [MyKafkaConsumer:run:114] Consumer: got msg, offset=[64],key=[null],val=[MessageTo_Broker_消息MSG_5]

[INFO ] [2016-06-29 21:05:17] [MyKafkaConsumer:run:114] Consumer: got msg, offset=[65],key=[null],val=[MessageTo_Broker_消息MSG_6]

[INFO ] [2016-06-29 21:05:17] [MyKafkaConsumer:run:114] Consumer: got msg, offset=[66],key=[null],val=[MessageTo_Broker_消息MSG_7]

[INFO ] [2016-06-29 21:05:17] [MyKafkaConsumer:run:114] Consumer: got msg, offset=[67],key=[null],val=[MessageTo_Broker_消息MSG_8]

[INFO ] [2016-06-29 21:05:17] [MyKafkaConsumer:run:118] Consumer: sleep 5s...
[DEBUG] [2016-06-29 21:05:22] [MyKafkaConsumer:ExitHandle:154] consumer:Try to stop consumer, wait 2s...
