[INFO ] [2016-06-29 15:40:45] [MyKafkaProducer:run:110] Producer: msg=[MessageTo_Broker_消息MSG_1] is sent.
[INFO ] [2016-06-29 15:40:47] [MyKafkaProducer:run:110] Producer: msg=[MessageTo_Broker_消息MSG_2] is sent.
[INFO ] [2016-06-29 15:40:49] [MyKafkaProducer:run:110] Producer: msg=[MessageTo_Broker_消息MSG_3] is sent.
[INFO ] [2016-06-29 15:40:51] [MyKafkaProducer:run:110] Producer: msg=[MessageTo_Broker_消息MSG_4] is sent.
[INFO ] [2016-06-29 15:40:53] [MyKafkaProducer:run:110] Producer: msg=[MessageTo_Broker_消息MSG_5] is sent.
[INFO ] [2016-06-29 15:40:55] [MyKafkaProducer:run:110] Producer: msg=[MessageTo_Broker_消息MSG_6] is sent.
[INFO ] [2016-06-29 15:40:57] [MyKafkaProducer:run:110] Producer: msg=[MessageTo_Broker_消息MSG_7] is sent.
[INFO ] [2016-06-29 15:40:59] [MyKafkaProducer:run:110] Producer: msg=[MessageTo_Broker_消息MSG_8] is sent.
[INFO ] [2016-06-29 15:41:01] [MyKafkaProducer:run:110] Producer: msg=[MessageTo_Broker_消息MSG_9] is sent.
[INFO ] [2016-06-29 15:41:03] [MyKafkaProducer:run:110] Producer: msg=[MessageTo_Broker_消息MSG_10] is sent.
[INFO ] [2016-06-29 15:41:05] [MyKafkaProducer:run:110] Producer: msg=[MessageTo_Broker_消息MSG_11] is sent.
[INFO ] [2016-06-29 15:47:08] [MyKafkaProducer:run:110] Producer: msg=[MessageTo_Broker_消息MSG_1] is sent.
[INFO ] [2016-06-29 15:47:10] [MyKafkaProducer:run:110] Producer: msg=[MessageTo_Broker_消息MSG_2] is sent.
[INFO ] [2016-06-29 15:47:12] [MyKafkaProducer:run:110] Producer: msg=[MessageTo_Broker_消息MSG_3] is sent.
[INFO ] [2016-06-29 15:47:14] [MyKafkaProducer:run:110] Producer: msg=[MessageTo_Broker_消息MSG_4] is sent.
[INFO ] [2016-06-29 15:47:16] [MyKafkaProducer:run:110] Producer: msg=[MessageTo_Broker_消息MSG_5] is sent.
[INFO ] [2016-06-29 15:47:18] [MyKafkaProducer:run:110] Producer: msg=[MessageTo_Broker_消息MSG_6] is sent.
[INFO ] [2016-06-29 15:47:20] [MyKafkaProducer:run:110] Producer: msg=[MessageTo_Broker_消息MSG_7] is sent.
[INFO ] [2016-06-29 15:47:22] [MyKafkaProducer:run:110] Producer: msg=[MessageTo_Broker_消息MSG_8] is sent.
[INFO ] [2016-06-29 15:47:24] [MyKafkaProducer:run:110] Producer: msg=[MessageTo_Broker_消息MSG_9] is sent.
[INFO ] [2016-06-29 15:47:26] [MyKafkaProducer:run:110] Producer: msg=[MessageTo_Broker_消息MSG_10] is sent.
[INFO ] [2016-06-29 15:47:28] [MyKafkaProducer:run:110] Producer: msg=[MessageTo_Broker_消息MSG_11] is sent.
[INFO ] [2016-06-29 15:47:30] [MyKafkaProducer:run:110] Producer: msg=[MessageTo_Broker_消息MSG_12] is sent.
[INFO ] [2016-06-29 15:47:32] [MyKafkaProducer:run:110] Producer: msg=[MessageTo_Broker_消息MSG_13] is sent.
[INFO ] [2016-06-29 15:47:34] [MyKafkaProducer:run:110] Producer: msg=[MessageTo_Broker_消息MSG_14] is sent.
[INFO ] [2016-06-29 15:47:36] [MyKafkaProducer:run:110] Producer: msg=[MessageTo_Broker_消息MSG_15] is sent.
[INFO ] [2016-06-29 15:47:38] [MyKafkaProducer:run:110] Producer: msg=[MessageTo_Broker_消息MSG_16] is sent.
[DEBUG] [2016-06-29 15:54:59] [MyKafkaProducer:getInstance:64] producer：初始化实例返回给caller！
[DEBUG] [2016-06-29 15:54:59] [MyKafkaProducer:getInstance:64] producer：初始化实例返回给caller！
[DEBUG] [2016-06-29 15:55:59] [MyKafkaProducer:run:112] Producer: msg=[MessageTo_Broker_消息MSG_1] is sent.
[INFO ] [2016-06-29 15:55:59] [MyKafkaProducer:run:117] Producer: sleep 2s...
[DEBUG] [2016-06-29 15:56:58] [MyKafkaProducer:getInstance:64] producer：初始化实例返回给caller！
[DEBUG] [2016-06-29 15:56:58] [MyKafkaProducer:getInstance:64] producer：初始化实例返回给caller！
[DEBUG] [2016-06-29 15:56:58] [MyKafkaProducer:run:112] Producer: msg=[MessageTo_Broker_消息MSG_1] is sent.
[INFO ] [2016-06-29 15:56:58] [MyKafkaProducer:run:117] Producer: sleep 2s...
[DEBUG] [2016-06-29 15:57:00] [MyKafkaProducer:run:112] Producer: msg=[MessageTo_Broker_消息MSG_2] is sent.
[INFO ] [2016-06-29 15:57:00] [MyKafkaProducer:run:117] Producer: sleep 2s...
[DEBUG] [2016-06-29 15:57:02] [MyKafkaProducer:run:112] Producer: msg=[MessageTo_Broker_消息MSG_3] is sent.
[INFO ] [2016-06-29 15:57:02] [MyKafkaProducer:run:117] Producer: sleep 2s...
[DEBUG] [2016-06-29 15:57:04] [MyKafkaProducer:run:112] Producer: msg=[MessageTo_Broker_消息MSG_4] is sent.
[INFO ] [2016-06-29 15:57:04] [MyKafkaProducer:run:117] Producer: sleep 2s...
[DEBUG] [2016-06-29 15:57:06] [MyKafkaProducer:run:112] Producer: msg=[MessageTo_Broker_消息MSG_5] is sent.
[INFO ] [2016-06-29 15:57:06] [MyKafkaProducer:run:117] Producer: sleep 2s...
[DEBUG] [2016-06-29 15:57:08] [MyKafkaProducer:run:112] Producer: msg=[MessageTo_Broker_消息MSG_6] is sent.
[INFO ] [2016-06-29 15:57:08] [MyKafkaProducer:run:117] Producer: sleep 2s...
[DEBUG] [2016-06-29 15:57:10] [MyKafkaProducer:run:112] Producer: msg=[MessageTo_Broker_消息MSG_7] is sent.
[INFO ] [2016-06-29 15:57:10] [MyKafkaProducer:run:117] Producer: sleep 2s...
[DEBUG] [2016-06-29 15:57:12] [MyKafkaProducer:run:112] Producer: msg=[MessageTo_Broker_消息MSG_8] is sent.
[INFO ] [2016-06-29 15:57:12] [MyKafkaProducer:run:117] Producer: sleep 2s...
[DEBUG] [2016-06-29 15:57:14] [MyKafkaProducer:run:112] Producer: msg=[MessageTo_Broker_消息MSG_9] is sent.
[INFO ] [2016-06-29 15:57:14] [MyKafkaProducer:run:117] Producer: sleep 2s...
[DEBUG] [2016-06-29 15:57:16] [MyKafkaProducer:run:112] Producer: msg=[MessageTo_Broker_消息MSG_10] is sent.
[INFO ] [2016-06-29 15:57:16] [MyKafkaProducer:run:117] Producer: sleep 2s...
[DEBUG] [2016-06-29 15:57:18] [MyKafkaProducer:run:112] Producer: msg=[MessageTo_Broker_消息MSG_11] is sent.
[INFO ] [2016-06-29 15:57:18] [MyKafkaProducer:run:117] Producer: sleep 2s...
[DEBUG] [2016-06-29 15:57:20] [MyKafkaProducer:run:112] Producer: msg=[MessageTo_Broker_消息MSG_12] is sent.
[INFO ] [2016-06-29 15:57:20] [MyKafkaProducer:run:117] Producer: sleep 2s...
[DEBUG] [2016-06-29 15:57:22] [MyKafkaProducer:run:112] Producer: msg=[MessageTo_Broker_消息MSG_13] is sent.
[INFO ] [2016-06-29 15:57:22] [MyKafkaProducer:run:117] Producer: sleep 2s...
[DEBUG] [2016-06-29 15:57:24] [MyKafkaProducer:run:112] Producer: msg=[MessageTo_Broker_消息MSG_14] is sent.
[INFO ] [2016-06-29 15:57:24] [MyKafkaProducer:run:117] Producer: sleep 2s...
[DEBUG] [2016-06-29 15:57:26] [MyKafkaProducer:run:112] Producer: msg=[MessageTo_Broker_消息MSG_15] is sent.
[INFO ] [2016-06-29 15:57:26] [MyKafkaProducer:run:117] Producer: sleep 2s...
[DEBUG] [2016-06-29 15:57:28] [MyKafkaProducer:run:112] Producer: msg=[MessageTo_Broker_消息MSG_16] is sent.
[INFO ] [2016-06-29 15:57:28] [MyKafkaProducer:run:117] Producer: sleep 2s...
[DEBUG] [2016-06-29 15:57:30] [MyKafkaProducer:run:112] Producer: msg=[MessageTo_Broker_消息MSG_17] is sent.
[INFO ] [2016-06-29 15:57:30] [MyKafkaProducer:run:117] Producer: sleep 2s...
[DEBUG] [2016-06-29 15:57:32] [MyKafkaProducer:run:112] Producer: msg=[MessageTo_Broker_消息MSG_18] is sent.
[INFO ] [2016-06-29 15:57:32] [MyKafkaProducer:run:117] Producer: sleep 2s...
[DEBUG] [2016-06-29 15:57:34] [MyKafkaProducer:run:112] Producer: msg=[MessageTo_Broker_消息MSG_19] is sent.
[INFO ] [2016-06-29 15:57:34] [MyKafkaProducer:run:117] Producer: sleep 2s...
[DEBUG] [2016-06-29 15:57:36] [MyKafkaProducer:run:112] Producer: msg=[MessageTo_Broker_消息MSG_20] is sent.
[INFO ] [2016-06-29 15:57:36] [MyKafkaProducer:run:117] Producer: sleep 2s...
[DEBUG] [2016-06-29 15:57:38] [MyKafkaProducer:run:112] Producer: msg=[MessageTo_Broker_消息MSG_21] is sent.
[INFO ] [2016-06-29 15:57:38] [MyKafkaProducer:run:117] Producer: sleep 2s...
[DEBUG] [2016-06-29 15:57:40] [MyKafkaProducer:run:112] Producer: msg=[MessageTo_Broker_消息MSG_22] is sent.
[INFO ] [2016-06-29 15:57:40] [MyKafkaProducer:run:117] Producer: sleep 2s...
[DEBUG] [2016-06-29 15:57:42] [MyKafkaProducer:run:112] Producer: msg=[MessageTo_Broker_消息MSG_23] is sent.
[INFO ] [2016-06-29 15:57:42] [MyKafkaProducer:run:117] Producer: sleep 2s...
[DEBUG] [2016-06-29 15:57:44] [MyKafkaProducer:run:112] Producer: msg=[MessageTo_Broker_消息MSG_24] is sent.
[INFO ] [2016-06-29 15:57:44] [MyKafkaProducer:run:117] Producer: sleep 2s...
[DEBUG] [2016-06-29 15:57:46] [MyKafkaProducer:run:112] Producer: msg=[MessageTo_Broker_消息MSG_25] is sent.
[INFO ] [2016-06-29 15:57:46] [MyKafkaProducer:run:117] Producer: sleep 2s...
[INFO ] [2016-06-29 15:57:48] [MyKafkaProducer:ExitHandle:144] Producer:Try to stop producer, wait 2s...
[DEBUG] [2016-06-29 20:57:35] [MyKafkaProducer:getInstance:64] producer：初始化实例返回给caller！
[DEBUG] [2016-06-29 20:57:35] [MyKafkaProducer:getInstance:64] producer：初始化实例返回给caller！
[DEBUG] [2016-06-29 20:57:36] [MyKafkaProducer:run:116] Producer: msg=[MessageTo_Broker_消息MSG_1] is sent.
[INFO ] [2016-06-29 20:57:36] [MyKafkaProducer:run:121] Producer: sleep 2s...
[DEBUG] [2016-06-29 20:57:38] [MyKafkaProducer:run:116] Producer: msg=[MessageTo_Broker_消息MSG_2] is sent.
[INFO ] [2016-06-29 20:57:38] [MyKafkaProducer:run:121] Producer: sleep 2s...
[DEBUG] [2016-06-29 20:57:40] [MyKafkaProducer:run:116] Producer: msg=[MessageTo_Broker_消息MSG_3] is sent.
[INFO ] [2016-06-29 20:57:40] [MyKafkaProducer:run:121] Producer: sleep 2s...
[DEBUG] [2016-06-29 20:57:42] [MyKafkaProducer:run:116] Producer: msg=[MessageTo_Broker_消息MSG_4] is sent.
[INFO ] [2016-06-29 20:57:42] [MyKafkaProducer:run:121] Producer: sleep 2s...
[DEBUG] [2016-06-29 20:57:44] [MyKafkaProducer:run:116] Producer: msg=[MessageTo_Broker_消息MSG_5] is sent.
[INFO ] [2016-06-29 20:57:44] [MyKafkaProducer:run:121] Producer: sleep 2s...
[DEBUG] [2016-06-29 20:57:46] [MyKafkaProducer:run:116] Producer: msg=[MessageTo_Broker_消息MSG_6] is sent.
[INFO ] [2016-06-29 20:57:46] [MyKafkaProducer:run:121] Producer: sleep 2s...
[DEBUG] [2016-06-29 20:57:48] [MyKafkaProducer:run:116] Producer: msg=[MessageTo_Broker_消息MSG_7] is sent.
[INFO ] [2016-06-29 20:57:48] [MyKafkaProducer:run:121] Producer: sleep 2s...
[DEBUG] [2016-06-29 20:57:50] [MyKafkaProducer:run:116] Producer: msg=[MessageTo_Broker_消息MSG_8] is sent.
[INFO ] [2016-06-29 20:57:50] [MyKafkaProducer:run:121] Producer: sleep 2s...
[DEBUG] [2016-06-29 20:57:52] [MyKafkaProducer:run:116] Producer: msg=[MessageTo_Broker_消息MSG_9] is sent.
[INFO ] [2016-06-29 20:57:52] [MyKafkaProducer:run:121] Producer: sleep 2s...
[DEBUG] [2016-06-29 20:57:54] [MyKafkaProducer:run:116] Producer: msg=[MessageTo_Broker_消息MSG_10] is sent.
[INFO ] [2016-06-29 20:57:54] [MyKafkaProducer:run:121] Producer: sleep 2s...
[DEBUG] [2016-06-29 20:57:56] [MyKafkaProducer:run:116] Producer: msg=[MessageTo_Broker_消息MSG_11] is sent.
[INFO ] [2016-06-29 20:57:56] [MyKafkaProducer:run:121] Producer: sleep 2s...
[DEBUG] [2016-06-29 20:57:58] [MyKafkaProducer:run:116] Producer: msg=[MessageTo_Broker_消息MSG_12] is sent.
[INFO ] [2016-06-29 20:57:58] [MyKafkaProducer:run:121] Producer: sleep 2s...
[DEBUG] [2016-06-29 20:58:00] [MyKafkaProducer:run:116] Producer: msg=[MessageTo_Broker_消息MSG_13] is sent.
[INFO ] [2016-06-29 20:58:00] [MyKafkaProducer:run:121] Producer: sleep 2s...
[DEBUG] [2016-06-29 20:58:02] [MyKafkaProducer:run:116] Producer: msg=[MessageTo_Broker_消息MSG_14] is sent.
[INFO ] [2016-06-29 20:58:02] [MyKafkaProducer:run:121] Producer: sleep 2s...
[DEBUG] [2016-06-29 20:58:04] [MyKafkaProducer:run:116] Producer: msg=[MessageTo_Broker_消息MSG_15] is sent.
[INFO ] [2016-06-29 20:58:04] [MyKafkaProducer:run:121] Producer: sleep 2s...
[DEBUG] [2016-06-29 20:58:06] [MyKafkaProducer:run:116] Producer: msg=[MessageTo_Broker_消息MSG_16] is sent.
[INFO ] [2016-06-29 20:58:06] [MyKafkaProducer:run:121] Producer: sleep 2s...
[DEBUG] [2016-06-29 20:58:08] [MyKafkaProducer:run:116] Producer: msg=[MessageTo_Broker_消息MSG_17] is sent.
[INFO ] [2016-06-29 20:58:08] [MyKafkaProducer:run:121] Producer: sleep 2s...
[DEBUG] [2016-06-29 20:58:10] [MyKafkaProducer:run:116] Producer: msg=[MessageTo_Broker_消息MSG_18] is sent.
[INFO ] [2016-06-29 20:58:10] [MyKafkaProducer:run:121] Producer: sleep 2s...
[DEBUG] [2016-06-29 20:58:12] [MyKafkaProducer:run:116] Producer: msg=[MessageTo_Broker_消息MSG_19] is sent.
[INFO ] [2016-06-29 20:58:12] [MyKafkaProducer:run:121] Producer: sleep 2s...
[DEBUG] [2016-06-29 20:58:14] [MyKafkaProducer:run:116] Producer: msg=[MessageTo_Broker_消息MSG_20] is sent.
[INFO ] [2016-06-29 20:58:14] [MyKafkaProducer:run:121] Producer: sleep 2s...
[DEBUG] [2016-06-29 20:58:16] [MyKafkaProducer:run:116] Producer: msg=[MessageTo_Broker_消息MSG_21] is sent.
[INFO ] [2016-06-29 20:58:16] [MyKafkaProducer:run:121] Producer: sleep 2s...
[DEBUG] [2016-06-29 20:58:18] [MyKafkaProducer:run:116] Producer: msg=[MessageTo_Broker_消息MSG_22] is sent.
[INFO ] [2016-06-29 20:58:18] [MyKafkaProducer:run:121] Producer: sleep 2s...
[DEBUG] [2016-06-29 20:58:20] [MyKafkaProducer:run:116] Producer: msg=[MessageTo_Broker_消息MSG_23] is sent.
[INFO ] [2016-06-29 20:58:20] [MyKafkaProducer:run:121] Producer: sleep 2s...
[DEBUG] [2016-06-29 20:58:22] [MyKafkaProducer:run:116] Producer: msg=[MessageTo_Broker_消息MSG_24] is sent.
[INFO ] [2016-06-29 20:58:22] [MyKafkaProducer:run:121] Producer: sleep 2s...
[DEBUG] [2016-06-29 20:58:24] [MyKafkaProducer:run:116] Producer: msg=[MessageTo_Broker_消息MSG_25] is sent.
[INFO ] [2016-06-29 20:58:24] [MyKafkaProducer:run:121] Producer: sleep 2s...
[DEBUG] [2016-06-29 20:58:26] [MyKafkaProducer:run:116] Producer: msg=[MessageTo_Broker_消息MSG_26] is sent.
[INFO ] [2016-06-29 20:58:26] [MyKafkaProducer:run:121] Producer: sleep 2s...
[DEBUG] [2016-06-29 20:58:28] [MyKafkaProducer:run:116] Producer: msg=[MessageTo_Broker_消息MSG_27] is sent.
[INFO ] [2016-06-29 20:58:28] [MyKafkaProducer:run:121] Producer: sleep 2s...
[DEBUG] [2016-06-29 20:58:30] [MyKafkaProducer:run:116] Producer: msg=[MessageTo_Broker_消息MSG_28] is sent.
[INFO ] [2016-06-29 20:58:30] [MyKafkaProducer:run:121] Producer: sleep 2s...
[DEBUG] [2016-06-29 20:58:32] [MyKafkaProducer:run:116] Producer: msg=[MessageTo_Broker_消息MSG_29] is sent.
[INFO ] [2016-06-29 20:58:32] [MyKafkaProducer:run:121] Producer: sleep 2s...
[DEBUG] [2016-06-29 20:58:34] [MyKafkaProducer:run:116] Producer: msg=[MessageTo_Broker_消息MSG_30] is sent.
[INFO ] [2016-06-29 20:58:34] [MyKafkaProducer:run:121] Producer: sleep 2s...
[DEBUG] [2016-06-29 20:58:36] [MyKafkaProducer:run:116] Producer: msg=[MessageTo_Broker_消息MSG_31] is sent.
[INFO ] [2016-06-29 20:58:36] [MyKafkaProducer:run:121] Producer: sleep 2s...
[DEBUG] [2016-06-29 20:58:38] [MyKafkaProducer:run:116] Producer: msg=[MessageTo_Broker_消息MSG_32] is sent.
[INFO ] [2016-06-29 20:58:38] [MyKafkaProducer:run:121] Producer: sleep 2s...
[DEBUG] [2016-06-29 20:58:40] [MyKafkaProducer:run:116] Producer: msg=[MessageTo_Broker_消息MSG_33] is sent.
[INFO ] [2016-06-29 20:58:40] [MyKafkaProducer:run:121] Producer: sleep 2s...
[DEBUG] [2016-06-29 20:58:42] [MyKafkaProducer:run:116] Producer: msg=[MessageTo_Broker_消息MSG_34] is sent.
[INFO ] [2016-06-29 20:58:42] [MyKafkaProducer:run:121] Producer: sleep 2s...
[DEBUG] [2016-06-29 20:58:44] [MyKafkaProducer:run:116] Producer: msg=[MessageTo_Broker_消息MSG_35] is sent.
[INFO ] [2016-06-29 20:58:44] [MyKafkaProducer:run:121] Producer: sleep 2s...
[DEBUG] [2016-06-29 20:58:46] [MyKafkaProducer:run:116] Producer: msg=[MessageTo_Broker_消息MSG_36] is sent.
[INFO ] [2016-06-29 20:58:46] [MyKafkaProducer:run:121] Producer: sleep 2s...
[DEBUG] [2016-06-29 20:58:48] [MyKafkaProducer:run:116] Producer: msg=[MessageTo_Broker_消息MSG_37] is sent.
[INFO ] [2016-06-29 20:58:48] [MyKafkaProducer:run:121] Producer: sleep 2s...
[DEBUG] [2016-06-29 20:58:50] [MyKafkaProducer:run:116] Producer: msg=[MessageTo_Broker_消息MSG_38] is sent.
[INFO ] [2016-06-29 20:58:50] [MyKafkaProducer:run:121] Producer: sleep 2s...
[INFO ] [2016-06-29 20:58:52] [MyKafkaProducer:ExitHandle:148] Producer:Try to stop producer, wait 2s...
[DEBUG] [2016-06-29 21:02:28] [MyKafkaProducer:getInstance:64] producer：初始化实例返回给caller！
[DEBUG] [2016-06-29 21:02:28] [MyKafkaProducer:getInstance:64] producer：初始化实例返回给caller！
[DEBUG] [2016-06-29 21:02:28] [MyKafkaProducer:run:116] Producer: msg=[MessageTo_Broker_消息MSG_1] is sent.
[INFO ] [2016-06-29 21:02:28] [MyKafkaProducer:run:121] Producer: sleep 2s...
[DEBUG] [2016-06-29 21:02:30] [MyKafkaProducer:run:116] Producer: msg=[MessageTo_Broker_消息MSG_2] is sent.
[INFO ] [2016-06-29 21:02:30] [MyKafkaProducer:run:121] Producer: sleep 2s...
[DEBUG] [2016-06-29 21:02:32] [MyKafkaProducer:run:116] Producer: msg=[MessageTo_Broker_消息MSG_3] is sent.
[INFO ] [2016-06-29 21:02:32] [MyKafkaProducer:run:121] Producer: sleep 2s...
[DEBUG] [2016-06-29 21:02:34] [MyKafkaProducer:run:116] Producer: msg=[MessageTo_Broker_消息MSG_4] is sent.
[INFO ] [2016-06-29 21:02:34] [MyKafkaProducer:run:121] Producer: sleep 2s...
[DEBUG] [2016-06-29 21:02:36] [MyKafkaProducer:run:116] Producer: msg=[MessageTo_Broker_消息MSG_5] is sent.
[INFO ] [2016-06-29 21:02:36] [MyKafkaProducer:run:121] Producer: sleep 2s...
[DEBUG] [2016-06-29 21:02:38] [MyKafkaProducer:run:116] Producer: msg=[MessageTo_Broker_消息MSG_6] is sent.
[INFO ] [2016-06-29 21:02:38] [MyKafkaProducer:run:121] Producer: sleep 2s...
[DEBUG] [2016-06-29 21:02:40] [MyKafkaProducer:run:116] Producer: msg=[MessageTo_Broker_消息MSG_7] is sent.
[INFO ] [2016-06-29 21:02:40] [MyKafkaProducer:run:121] Producer: sleep 2s...
[DEBUG] [2016-06-29 21:02:42] [MyKafkaProducer:run:116] Producer: msg=[MessageTo_Broker_消息MSG_8] is sent.
[INFO ] [2016-06-29 21:02:42] [MyKafkaProducer:run:121] Producer: sleep 2s...
[DEBUG] [2016-06-29 21:02:44] [MyKafkaProducer:run:116] Producer: msg=[MessageTo_Broker_消息MSG_9] is sent.
[INFO ] [2016-06-29 21:02:44] [MyKafkaProducer:run:121] Producer: sleep 2s...
[DEBUG] [2016-06-29 21:02:46] [MyKafkaProducer:run:116] Producer: msg=[MessageTo_Broker_消息MSG_10] is sent.
[INFO ] [2016-06-29 21:02:46] [MyKafkaProducer:run:121] Producer: sleep 2s...
[DEBUG] [2016-06-29 21:02:48] [MyKafkaProducer:run:116] Producer: msg=[MessageTo_Broker_消息MSG_11] is sent.
[INFO ] [2016-06-29 21:02:48] [MyKafkaProducer:run:121] Producer: sleep 2s...
[DEBUG] [2016-06-29 21:02:50] [MyKafkaProducer:run:116] Producer: msg=[MessageTo_Broker_消息MSG_12] is sent.
[INFO ] [2016-06-29 21:02:50] [MyKafkaProducer:run:121] Producer: sleep 2s...
[DEBUG] [2016-06-29 21:02:52] [MyKafkaProducer:run:116] Producer: msg=[MessageTo_Broker_消息MSG_13] is sent.
[INFO ] [2016-06-29 21:02:52] [MyKafkaProducer:run:121] Producer: sleep 2s...
[DEBUG] [2016-06-29 21:02:54] [MyKafkaProducer:run:116] Producer: msg=[MessageTo_Broker_消息MSG_14] is sent.
[INFO ] [2016-06-29 21:02:54] [MyKafkaProducer:run:121] Producer: sleep 2s...
[DEBUG] [2016-06-29 21:02:56] [MyKafkaProducer:run:116] Producer: msg=[MessageTo_Broker_消息MSG_15] is sent.
[INFO ] [2016-06-29 21:02:56] [MyKafkaProducer:run:121] Producer: sleep 2s...
[DEBUG] [2016-06-29 21:02:58] [MyKafkaProducer:run:116] Producer: msg=[MessageTo_Broker_消息MSG_16] is sent.
[INFO ] [2016-06-29 21:02:58] [MyKafkaProducer:run:121] Producer: sleep 2s...
[DEBUG] [2016-06-29 21:03:00] [MyKafkaProducer:run:116] Producer: msg=[MessageTo_Broker_消息MSG_17] is sent.
[INFO ] [2016-06-29 21:03:00] [MyKafkaProducer:run:121] Producer: sleep 2s...
[DEBUG] [2016-06-29 21:03:02] [MyKafkaProducer:run:116] Producer: msg=[MessageTo_Broker_消息MSG_18] is sent.
[INFO ] [2016-06-29 21:03:02] [MyKafkaProducer:run:121] Producer: sleep 2s...
[DEBUG] [2016-06-29 21:03:04] [MyKafkaProducer:run:116] Producer: msg=[MessageTo_Broker_消息MSG_19] is sent.
[INFO ] [2016-06-29 21:03:04] [MyKafkaProducer:run:121] Producer: sleep 2s...
[DEBUG] [2016-06-29 21:03:06] [MyKafkaProducer:run:116] Producer: msg=[MessageTo_Broker_消息MSG_20] is sent.
[INFO ] [2016-06-29 21:03:06] [MyKafkaProducer:run:121] Producer: sleep 2s...
[DEBUG] [2016-06-29 21:03:08] [MyKafkaProducer:run:116] Producer: msg=[MessageTo_Broker_消息MSG_21] is sent.
[INFO ] [2016-06-29 21:03:08] [MyKafkaProducer:run:121] Producer: sleep 2s...
[DEBUG] [2016-06-29 21:03:10] [MyKafkaProducer:run:116] Producer: msg=[MessageTo_Broker_消息MSG_22] is sent.
[INFO ] [2016-06-29 21:03:10] [MyKafkaProducer:run:121] Producer: sleep 2s...
[INFO ] [2016-06-29 21:03:12] [MyKafkaProducer:ExitHandle:148] Producer:Try to stop producer, wait 2s...
[DEBUG] [2016-06-29 21:05:02] [MyKafkaProducer:getInstance:64] producer：初始化实例返回给caller！
[DEBUG] [2016-06-29 21:05:02] [MyKafkaProducer:getInstance:64] producer：初始化实例返回给caller！
[DEBUG] [2016-06-29 21:05:02] [MyKafkaProducer:run:116] Producer: msg=[MessageTo_Broker_消息MSG_1] is sent.
[INFO ] [2016-06-29 21:05:02] [MyKafkaProducer:run:121] Producer: sleep 2s...
[DEBUG] [2016-06-29 21:05:04] [MyKafkaProducer:run:116] Producer: msg=[MessageTo_Broker_消息MSG_2] is sent.
[INFO ] [2016-06-29 21:05:04] [MyKafkaProducer:run:121] Producer: sleep 2s...
[DEBUG] [2016-06-29 21:05:06] [MyKafkaProducer:run:116] Producer: msg=[MessageTo_Broker_消息MSG_3] is sent.
[INFO ] [2016-06-29 21:05:06] [MyKafkaProducer:run:121] Producer: sleep 2s...
[DEBUG] [2016-06-29 21:05:08] [MyKafkaProducer:run:116] Producer: msg=[MessageTo_Broker_消息MSG_4] is sent.
[INFO ] [2016-06-29 21:05:08] [MyKafkaProducer:run:121] Producer: sleep 2s...
[DEBUG] [2016-06-29 21:05:10] [MyKafkaProducer:run:116] Producer: msg=[MessageTo_Broker_消息MSG_5] is sent.
[INFO ] [2016-06-29 21:05:10] [MyKafkaProducer:run:121] Producer: sleep 2s...
[DEBUG] [2016-06-29 21:05:12] [MyKafkaProducer:run:116] Producer: msg=[MessageTo_Broker_消息MSG_6] is sent.
[INFO ] [2016-06-29 21:05:12] [MyKafkaProducer:run:121] Producer: sleep 2s...
[DEBUG] [2016-06-29 21:05:14] [MyKafkaProducer:run:116] Producer: msg=[MessageTo_Broker_消息MSG_7] is sent.
[INFO ] [2016-06-29 21:05:14] [MyKafkaProducer:run:121] Producer: sleep 2s...
[DEBUG] [2016-06-29 21:05:16] [MyKafkaProducer:run:116] Producer: msg=[MessageTo_Broker_消息MSG_8] is sent.
[INFO ] [2016-06-29 21:05:16] [MyKafkaProducer:run:121] Producer: sleep 2s...
[DEBUG] [2016-06-29 21:05:18] [MyKafkaProducer:run:116] Producer: msg=[MessageTo_Broker_消息MSG_9] is sent.
[INFO ] [2016-06-29 21:05:18] [MyKafkaProducer:run:121] Producer: sleep 2s...
[INFO ] [2016-06-29 21:05:20] [MyKafkaProducer:ExitHandle:148] Producer:Try to stop producer, wait 2s...
